#
# A fatal error has been detected by the Java Runtime Environment:
#
#  Internal Error (relocInfo_x86.cpp:101), pid=3566, tid=0x0000000000004303
#  Error: ShouldNotReachHere()
#
# JRE version: OpenJDK Runtime Environment (8.0_152-b08) (build 1.8.0_152-release-915-b08)
# Java VM: OpenJDK 64-Bit Server VM (25.152-b08 mixed mode bsd-amd64 compressed oops)
# Failed to write core dump. Core dumps have been disabled. To enable core dumping, try "ulimit -c unlimited" before starting Java again
#
# If you would like to submit a bug report, please visit:
#   http://bugreport.java.com/bugreport/crash.jsp
#

---------------  T H R E A D  ---------------

Current thread (0x00007f920683d000):  JavaThread "C2 CompilerThread0" daemon [_thread_in_vm, id=17155, stack(0x000070000420a000,0x000070000430a000)]

Stack: [0x000070000420a000,0x000070000430a000],  sp=0x0000700004307d40,  free space=1015k
Native frames: (J=compiled Java code, j=interpreted, Vv=VM code, C=native code)
V  [libjvm.dylib+0x53d659]
V  [libjvm.dylib+0x1cca90]
V  [libjvm.dylib+0x483648]
V  [libjvm.dylib+0x4825b5]
V  [libjvm.dylib+0x1839b2]
V  [libjvm.dylib+0x183823]
V  [libjvm.dylib+0x18128c]
V  [libjvm.dylib+0x418d93]
V  [libjvm.dylib+0x418427]
V  [libjvm.dylib+0x14f7f1]
V  [libjvm.dylib+0x19455c]
V  [libjvm.dylib+0x13ae76]
V  [libjvm.dylib+0x19f782]
V  [libjvm.dylib+0x19ed80]
V  [libjvm.dylib+0x504ac0]
V  [libjvm.dylib+0x504985]
V  [libjvm.dylib+0x4345d9]
C  [libsystem_pthread.dylib+0x393b]  _pthread_body+0xb4
C  [libsystem_pthread.dylib+0x3887]  _pthread_body+0x0
C  [libsystem_pthread.dylib+0x308d]  thread_start+0xd
C  0x0000000000000000


Current CompileTask:
C2:  65416 11179       4       java.security.MessageDigest$Delegate::engineUpdate (11 bytes)


---------------  P R O C E S S  ---------------

Java Threads: ( => current thread )
  0x00007f920bb35000 JavaThread "Task worker for ':' Thread 3" [_thread_blocked, id=27911, stack(0x0000700005b55000,0x0000700005c55000)]
  0x00007f920bb34800 JavaThread "Task worker for ':' Thread 2" [_thread_blocked, id=25351, stack(0x0000700005a52000,0x0000700005b52000)]
  0x00007f920658d000 JavaThread "Task worker for ':'" [_thread_blocked, id=26119, stack(0x000070000594f000,0x0000700005a4f000)]
  0x00007f920ad01800 JavaThread "Cache worker for task history cache (/Users/piyushkhandelwal/android_code/Basic/RadioButton/.gradle/4.1/taskHistory)" [_thread_blocked, id=36627, stack(0x000070000584c000,0x000070000594c000)]
  0x00007f920a0c6000 JavaThread "build operations Thread 4" [_thread_blocked, id=5391, stack(0x0000700005646000,0x0000700005746000)]
  0x00007f920a0c5000 JavaThread "build operations Thread 3" [_thread_blocked, id=4879, stack(0x0000700005543000,0x0000700005643000)]
  0x00007f9208145800 JavaThread "build operations Thread 2" [_thread_blocked, id=3855, stack(0x0000700005440000,0x0000700005540000)]
  0x00007f9208145000 JavaThread "build operations" [_thread_blocked, id=34067, stack(0x000070000533d000,0x000070000543d000)]
  0x00007f9207bb7800 JavaThread "Cache worker for Artifact transforms cache (/Users/piyushkhandelwal/.gradle/caches/transforms-1)" [_thread_blocked, id=24843, stack(0x000070000523a000,0x000070000533a000)]
  0x00007f920bf1d800 JavaThread "Cache worker for file hash cache (/Users/piyushkhandelwal/android_code/Basic/RadioButton/.gradle/4.1/fileHashes)" [_thread_blocked, id=23307, stack(0x0000700005137000,0x0000700005237000)]
  0x00007f9206d0b000 JavaThread "Stdin handler" [_thread_blocked, id=22795, stack(0x0000700004e2e000,0x0000700004f2e000)]
  0x00007f92074e3000 JavaThread "Asynchronous log dispatcher for DefaultDaemonConnection: socket connection from /127.0.0.1:50950 to /127.0.0.1:50953" [_thread_blocked, id=21771, stack(0x0000700004d2b000,0x0000700004e2b000)]
  0x00007f9206d10800 JavaThread "Cancel handler" [_thread_blocked, id=21259, stack(0x0000700004b25000,0x0000700004c25000)]
  0x00007f920b849800 JavaThread "Handler for socket connection from /127.0.0.1:50950 to /127.0.0.1:50953" [_thread_in_native, id=37139, stack(0x0000700004a22000,0x0000700004b22000)]
  0x00007f9206193800 JavaThread "pool-7-thread-2" [_thread_blocked, id=41227, stack(0x000070000626a000,0x000070000636a000)]
  0x00007f920a4d9000 JavaThread "pool-7-thread-1" [_thread_blocked, id=30991, stack(0x0000700006167000,0x0000700006267000)]
  0x00007f920b0dd800 JavaThread "process reaper" daemon [_thread_blocked, id=33539, stack(0x000070000386c000,0x0000700003894000)]
  0x00007f9208997800 JavaThread "process reaper" daemon [_thread_blocked, id=33027, stack(0x00007000037bc000,0x00007000037e4000)]
  0x00007f920b855800 JavaThread "process reaper" daemon [_thread_blocked, id=32515, stack(0x0000700003791000,0x00007000037b9000)]
  0x00007f920bb4e000 JavaThread "process reaper" daemon [_thread_blocked, id=32003, stack(0x0000700003766000,0x000070000378e000)]
  0x00007f920c23f800 JavaThread "Memory manager" [_thread_blocked, id=26883, stack(0x0000700005749000,0x0000700005849000)]
  0x00007f9206876800 JavaThread "File lock request listener" [_thread_in_native, id=24323, stack(0x0000700005034000,0x0000700005134000)]
  0x00007f9206875800 JavaThread "Cache worker for file hash cache (/Users/piyushkhandelwal/.gradle/caches/4.1/fileHashes)" [_thread_blocked, id=23811, stack(0x0000700004f31000,0x0000700005031000)]
  0x00007f92074e5000 JavaThread "Daemon worker" [_thread_blocked, id=22275, stack(0x0000700004c28000,0x0000700004d28000)]
  0x00007f92079d2000 JavaThread "Daemon" [_thread_blocked, id=20739, stack(0x000070000491f000,0x0000700004a1f000)]
  0x00007f92063ca000 JavaThread "Daemon periodic checks" [_thread_blocked, id=20227, stack(0x000070000481c000,0x000070000491c000)]
  0x00007f92074d2800 JavaThread "Incoming local TCP Connector on port 50950" [_thread_in_native, id=19715, stack(0x0000700004719000,0x0000700004819000)]
  0x00007f920780b000 JavaThread "Service Thread" daemon [_thread_blocked, id=18691, stack(0x0000700004513000,0x0000700004613000)]
  0x00007f9206845000 JavaThread "C1 CompilerThread2" daemon [_thread_blocked, id=18179, stack(0x0000700004410000,0x0000700004510000)]
  0x00007f9206844000 JavaThread "C2 CompilerThread1" daemon [_thread_blocked, id=17667, stack(0x000070000430d000,0x000070000440d000)]
=>0x00007f920683d000 JavaThread "C2 CompilerThread0" daemon [_thread_in_vm, id=17155, stack(0x000070000420a000,0x000070000430a000)]
  0x00007f9206003800 JavaThread "Signal Dispatcher" daemon [_thread_blocked, id=16643, stack(0x0000700004107000,0x0000700004207000)]
  0x00007f920701f000 JavaThread "Finalizer" daemon [_thread_blocked, id=12547, stack(0x0000700004004000,0x0000700004104000)]
  0x00007f920701c000 JavaThread "Reference Handler" daemon [_thread_blocked, id=12035, stack(0x0000700003f01000,0x0000700004001000)]
  0x00007f9206802800 JavaThread "main" [_thread_blocked, id=7171, stack(0x00007000038ef000,0x00007000039ef000)]

Other Threads:
  0x00007f920701b800 VMThread [stack: 0x0000700003dfe000,0x0000700003efe000] [id=11523]
  0x00007f920780c000 WatcherThread [stack: 0x0000700004616000,0x0000700004716000] [id=19203]

VM state:not at safepoint (normal execution)

VM Mutex/Monitor currently owned by a thread:  ([mutex/lock_event])
[0x00007f9205c01f20] CodeCache_lock - owner thread: 0x00007f920683d000
[0x00007f9205c035a0] Compile_lock - owner thread: 0x00007f920683d000
[0x00007f9205c036a0] MethodCompileQueue_lock - owner thread: 0x00007f920683d000

Heap:
 PSYoungGen      total 318976K, used 56918K [0x00000007aab00000, 0x00000007c0000000, 0x00000007c0000000)
  eden space 293888K, 11% used [0x00000007aab00000,0x00000007acd568d8,0x00000007bca00000)
  from space 25088K, 86% used [0x00000007be600000,0x00000007bfb3ef88,0x00000007bfe80000)
  to   space 27648K, 0% used [0x00000007bca00000,0x00000007bca00000,0x00000007be500000)
 ParOldGen       total 160256K, used 56779K [0x0000000780000000, 0x0000000789c80000, 0x00000007aab00000)
  object space 160256K, 35% used [0x0000000780000000,0x0000000783772c10,0x0000000789c80000)
 Metaspace       used 90682K, capacity 95074K, committed 95232K, reserved 1132544K
  class space    used 12017K, capacity 12991K, committed 13056K, reserved 1048576K

Card table byte_map: [0x000000010c426000,0x000000010c627000] byte_map_base: 0x0000000108826000

Marking Bits: (ParMarkBitMap*) 0x000000010bdf7128
 Begin Bits: [0x000000010c77d000, 0x000000010d77d000)
 End Bits:   [0x000000010d77d000, 0x000000010e77d000)

Polling page: 0x000000010adc7000

CodeCache: size=245760Kb used=31250Kb max_used=31294Kb free=214509Kb
 bounds [0x0000000117c34000, 0x0000000119af4000, 0x0000000126c34000]
 total_blobs=10330 nmethods=9464 adapters=775
 compilation: enabled

Compilation events (10 events):
Event: 65.110 Thread 0x00007f9206845000 nmethod 11174 0x0000000118ff9790 code [0x0000000118ff98e0, 0x0000000118ff99f0]
Event: 65.133 Thread 0x00007f9206845000 11175       3       com.google.common.hash.AbstractByteHasher::putBytes (18 bytes)
Event: 65.134 Thread 0x00007f9206845000 nmethod 11175 0x00000001189bc3d0 code [0x00000001189bc580, 0x00000001189bc9a8]
Event: 65.154 Thread 0x00007f920683d000 11176 %     4       sun.security.provider.DigestBase::implCompressMultiBlock @ 0 (23 bytes)
Event: 65.156 Thread 0x00007f920683d000 nmethod 11176% 0x0000000118575850 code [0x00000001185759c0, 0x0000000118575b68]
Event: 65.158 Thread 0x00007f9206844000 11177       4       sun.security.provider.DigestBase::engineUpdate (189 bytes)
Event: 65.164 Thread 0x00007f9206844000 nmethod 11177 0x0000000118a30a90 code [0x0000000118a30c20, 0x0000000118a310f8]
Event: 65.274 Thread 0x00007f9206845000 11178   !   3       org.gradle.api.internal.hash.DefaultFileHasher::doHash (77 bytes)
Event: 65.276 Thread 0x00007f9206845000 nmethod 11178 0x0000000119ae85d0 code [0x0000000119ae8820, 0x0000000119ae95b8]
Event: 65.389 Thread 0x00007f920683d000 11179       4       java.security.MessageDigest$Delegate::engineUpdate (11 bytes)

GC Heap History (10 events):
Event: 31.786 GC heap before
{Heap before GC invocations=13 (full 3):
 PSYoungGen      total 198144K, used 184832K [0x00000007aab00000, 0x00000007bac00000, 0x00000007c0000000)
  eden space 184832K, 100% used [0x00000007aab00000,0x00000007b5f80000,0x00000007b5f80000)
  from space 13312K, 0% used [0x00000007b5f80000,0x00000007b5f80000,0x00000007b6c80000)
  to   space 17920K, 0% used [0x00000007b9a80000,0x00000007b9a80000,0x00000007bac00000)
 ParOldGen       total 160256K, used 33814K [0x0000000780000000, 0x0000000789c80000, 0x00000007aab00000)
  object space 160256K, 21% used [0x0000000780000000,0x0000000782105bb0,0x0000000789c80000)
 Metaspace       used 76376K, capacity 78754K, committed 78976K, reserved 1118208K
  class space    used 10085K, capacity 10610K, committed 10624K, reserved 1048576K
Event: 31.821 GC heap after
Heap after GC invocations=13 (full 3):
 PSYoungGen      total 241152K, used 17900K [0x00000007aab00000, 0x00000007bb380000, 0x00000007c0000000)
  eden space 223232K, 0% used [0x00000007aab00000,0x00000007aab00000,0x00000007b8500000)
  from space 17920K, 99% used [0x00000007b9a80000,0x00000007babfb208,0x00000007bac00000)
  to   space 22016K, 0% used [0x00000007b8500000,0x00000007b8500000,0x00000007b9a80000)
 ParOldGen       total 160256K, used 38368K [0x0000000780000000, 0x0000000789c80000, 0x00000007aab00000)
  object space 160256K, 23% used [0x0000000780000000,0x00000007825782a8,0x0000000789c80000)
 Metaspace       used 76376K, capacity 78754K, committed 78976K, reserved 1118208K
  class space    used 10085K, capacity 10610K, committed 10624K, reserved 1048576K
}
Event: 32.641 GC heap before
{Heap before GC invocations=14 (full 3):
 PSYoungGen      total 241152K, used 225352K [0x00000007aab00000, 0x00000007bb380000, 0x00000007c0000000)
  eden space 223232K, 92% used [0x00000007aab00000,0x00000007b7596ea0,0x00000007b8500000)
  from space 17920K, 99% used [0x00000007b9a80000,0x00000007babfb208,0x00000007bac00000)
  to   space 22016K, 0% used [0x00000007b8500000,0x00000007b8500000,0x00000007b9a80000)
 ParOldGen       total 160256K, used 38368K [0x0000000780000000, 0x0000000789c80000, 0x00000007aab00000)
  object space 160256K, 23% used [0x0000000780000000,0x00000007825782a8,0x0000000789c80000)
 Metaspace       used 79781K, capacity 82310K, committed 82560K, reserved 1120256K
  class space    used 10584K, capacity 11112K, committed 11136K, reserved 1048576K
Event: 32.677 GC heap after
Heap after GC invocations=14 (full 3):
 PSYoungGen      total 245248K, used 21996K [0x00000007aab00000, 0x00000007bfd00000, 0x00000007c0000000)
  eden space 223232K, 0% used [0x00000007aab00000,0x00000007aab00000,0x00000007b8500000)
  from space 22016K, 99% used [0x00000007b8500000,0x00000007b9a7b250,0x00000007b9a80000)
  to   space 25600K, 0% used [0x00000007be400000,0x00000007be400000,0x00000007bfd00000)
 ParOldGen       total 160256K, used 40470K [0x0000000780000000, 0x0000000789c80000, 0x00000007aab00000)
  object space 160256K, 25% used [0x0000000780000000,0x0000000782785980,0x0000000789c80000)
 Metaspace       used 79781K, capacity 82310K, committed 82560K, reserved 1120256K
  class space    used 10584K, capacity 11112K, committed 11136K, reserved 1048576K
}
Event: 32.936 GC heap before
{Heap before GC invocations=15 (full 3):
 PSYoungGen      total 245248K, used 241384K [0x00000007aab00000, 0x00000007bfd00000, 0x00000007c0000000)
  eden space 223232K, 98% used [0x00000007aab00000,0x00000007b813ee20,0x00000007b8500000)
  from space 22016K, 99% used [0x00000007b8500000,0x00000007b9a7b250,0x00000007b9a80000)
  to   space 25600K, 0% used [0x00000007be400000,0x00000007be400000,0x00000007bfd00000)
 ParOldGen       total 160256K, used 40470K [0x0000000780000000, 0x0000000789c80000, 0x00000007aab00000)
  object space 160256K, 25% used [0x0000000780000000,0x0000000782785980,0x0000000789c80000)
 Metaspace       used 80946K, capacity 83518K, committed 83840K, reserved 1122304K
  class space    used 10759K, capacity 11296K, committed 11392K, reserved 1048576K
Event: 32.959 GC heap after
Heap after GC invocations=15 (full 3):
 PSYoungGen      total 320000K, used 1364K [0x00000007aab00000, 0x00000007c0000000, 0x00000007c0000000)
  eden space 294400K, 0% used [0x00000007aab00000,0x00000007aab00000,0x00000007bca80000)
  from space 25600K, 5% used [0x00000007be400000,0x00000007be555128,0x00000007bfd00000)
  to   space 26112K, 0% used [0x00000007bca80000,0x00000007bca80000,0x00000007be400000)
 ParOldGen       total 160256K, used 51411K [0x0000000780000000, 0x0000000789c80000, 0x00000007aab00000)
  object space 160256K, 32% used [0x0000000780000000,0x0000000783234ce0,0x0000000789c80000)
 Metaspace       used 80946K, capacity 83518K, committed 83840K, reserved 1122304K
  class space    used 10759K, capacity 11296K, committed 11392K, reserved 1048576K
}
Event: 36.447 GC heap before
{Heap before GC invocations=16 (full 3):
 PSYoungGen      total 320000K, used 295764K [0x00000007aab00000, 0x00000007c0000000, 0x00000007c0000000)
  eden space 294400K, 100% used [0x00000007aab00000,0x00000007bca80000,0x00000007bca80000)
  from space 25600K, 5% used [0x00000007be400000,0x00000007be555128,0x00000007bfd00000)
  to   space 26112K, 0% used [0x00000007bca80000,0x00000007bca80000,0x00000007be400000)
 ParOldGen       total 160256K, used 51411K [0x0000000780000000, 0x0000000789c80000, 0x00000007aab00000)
  object space 160256K, 32% used [0x0000000780000000,0x0000000783234ce0,0x0000000789c80000)
 Metaspace       used 85493K, capacity 88382K, committed 88704K, reserved 1126400K
  class space    used 11219K, capacity 11805K, committed 11904K, reserved 1048576K
Event: 36.470 GC heap after
Heap after GC invocations=16 (full 3):
 PSYoungGen      total 320512K, used 8251K [0x00000007aab00000, 0x00000007bfe80000, 0x00000007c0000000)
  eden space 294400K, 0% used [0x00000007aab00000,0x00000007aab00000,0x00000007bca80000)
  from space 26112K, 31% used [0x00000007bca80000,0x00000007bd28ee38,0x00000007be400000)
  to   space 25088K, 0% used [0x00000007be600000,0x00000007be600000,0x00000007bfe80000)
 ParOldGen       total 160256K, used 51699K [0x0000000780000000, 0x0000000789c80000, 0x00000007aab00000)
  object space 160256K, 32% used [0x0000000780000000,0x000000078327cce0,0x0000000789c80000)
 Metaspace       used 85493K, capacity 88382K, committed 88704K, reserved 1126400K
  class space    used 11219K, capacity 11805K, committed 11904K, reserved 1048576K
}
Event: 53.145 GC heap before
{Heap before GC invocations=17 (full 3):
 PSYoungGen      total 320512K, used 302651K [0x00000007aab00000, 0x00000007bfe80000, 0x00000007c0000000)
  eden space 294400K, 100% used [0x00000007aab00000,0x00000007bca80000,0x00000007bca80000)
  from space 26112K, 31% used [0x00000007bca80000,0x00000007bd28ee38,0x00000007be400000)
  to   space 25088K, 0% used [0x00000007be600000,0x00000007be600000,0x00000007bfe80000)
 ParOldGen       total 160256K, used 51699K [0x0000000780000000, 0x0000000789c80000, 0x00000007aab00000)
  object space 160256K, 32% used [0x0000000780000000,0x000000078327cce0,0x0000000789c80000)
 Metaspace       used 90230K, capacity 94394K, committed 94592K, reserved 1130496K
  class space    used 11960K, capacity 12895K, committed 12928K, reserved 1048576K
Event: 53.197 GC heap after
Heap after GC invocations=17 (full 3):
 PSYoungGen      total 318976K, used 21755K [0x00000007aab00000, 0x00000007c0000000, 0x00000007c0000000)
  eden space 293888K, 0% used [0x00000007aab00000,0x00000007aab00000,0x00000007bca00000)
  from space 25088K, 86% used [0x00000007be600000,0x00000007bfb3ef88,0x00000007bfe80000)
  to   space 27648K, 0% used [0x00000007bca00000,0x00000007bca00000,0x00000007be500000)
 ParOldGen       total 160256K, used 56779K [0x0000000780000000, 0x0000000789c80000, 0x00000007aab00000)
  object space 160256K, 35% used [0x0000000780000000,0x0000000783772c10,0x0000000789c80000)
 Metaspace       used 90230K, capacity 94394K, committed 94592K, reserved 1130496K
  class space    used 11960K, capacity 12895K, committed 12928K, reserved 1048576K
}

Deoptimization events (10 events):
Event: 49.006 Thread 0x00007f92074e5000 Uncommon trap: reason=unstable_if action=reinterpret pc=0x0000000119784aa0 method=groovy.lang.MetaClassImpl.filterPropertyMethod(Ljava/lang/Object;ZZ)Ljava/lang/Object; @ 153
Event: 49.340 Thread 0x00007f92074e5000 Uncommon trap: reason=unstable_if action=reinterpret pc=0x00000001188a58d4 method=groovy.lang.MetaClassImpl.checkIfStdMethod(Lgroovy/lang/MetaMethod;)V @ 118
Event: 49.340 Thread 0x00007f92074e5000 Uncommon trap: reason=unstable_if action=reinterpret pc=0x0000000118830558 method=groovy.lang.MetaClassImpl.checkIfStdMethod(Lgroovy/lang/MetaMethod;)V @ 78
Event: 49.654 Thread 0x00007f92074e5000 Uncommon trap: reason=unstable_if action=reinterpret pc=0x000000011971d618 method=java.io.ObjectOutputStream.writeObject0(Ljava/lang/Object;Z)V @ 235
Event: 49.655 Thread 0x00007f92074e5000 Uncommon trap: reason=unstable_if action=reinterpret pc=0x00000001196a3418 method=java.lang.reflect.Proxy.isProxyClass(Ljava/lang/Class;)Z @ 6
Event: 49.664 Thread 0x00007f92074e5000 Uncommon trap: reason=unstable_if action=reinterpret pc=0x0000000118a6e7ac method=java.io.ObjectOutputStream$HandleTable.assign(Ljava/lang/Object;)I @ 24
Event: 49.800 Thread 0x00007f92074e5000 Uncommon trap: reason=unstable_if action=reinterpret pc=0x0000000117e91164 method=com.google.protobuf.CodedInputStream.readRawVarint32()I @ 66
Event: 49.827 Thread 0x00007f92079d2000 Uncommon trap: reason=unstable_if action=reinterpret pc=0x0000000118a6f3cc method=com.esotericsoftware.kryo.io.Output.writeBytes([BII)V @ 61
Event: 49.827 Thread 0x00007f92079d2000 Uncommon trap: reason=unstable_if action=reinterpret pc=0x00000001180eee14 method=com.esotericsoftware.kryo.io.Output.writeBytes([BII)V @ 61
Event: 54.161 Thread 0x00007f920ad01800 Uncommon trap: reason=unstable_if action=reinterpret pc=0x00000001182c4cb8 method=java.io.BufferedOutputStream.write([BII)V @ 35

Classes redefined (0 events):
No events

Internal exceptions (10 events):
Event: 53.499 Thread 0x00007f92074e5000 Exception <a 'sun/nio/fs/UnixException'> (0x00000007ab4c1848) thrown at [/Volumes/android/AOSP-openjdk-git/jdk8u/hotspot/src/share/vm/prims/jni.cpp, line 709]
Event: 53.499 Thread 0x00007f92074e5000 Exception <a 'sun/nio/fs/UnixException'> (0x00000007ab4c3420) thrown at [/Volumes/android/AOSP-openjdk-git/jdk8u/hotspot/src/share/vm/prims/jni.cpp, line 709]
Event: 53.500 Thread 0x00007f92074e5000 Exception <a 'sun/nio/fs/UnixException'> (0x00000007ab4c5bf8) thrown at [/Volumes/android/AOSP-openjdk-git/jdk8u/hotspot/src/share/vm/prims/jni.cpp, line 709]
Event: 53.500 Thread 0x00007f92074e5000 Exception <a 'sun/nio/fs/UnixException'> (0x00000007ab4c7890) thrown at [/Volumes/android/AOSP-openjdk-git/jdk8u/hotspot/src/share/vm/prims/jni.cpp, line 709]
Event: 54.116 Thread 0x00007f920658d000 Exception <a 'sun/nio/fs/UnixException'> (0x00000007ac26ab48) thrown at [/Volumes/android/AOSP-openjdk-git/jdk8u/hotspot/src/share/vm/prims/jni.cpp, line 709]
Event: 54.116 Thread 0x00007f920658d000 Exception <a 'sun/nio/fs/UnixException'> (0x00000007ac26b830) thrown at [/Volumes/android/AOSP-openjdk-git/jdk8u/hotspot/src/share/vm/prims/jni.cpp, line 709]
Event: 54.156 Thread 0x00007f920658d000 Exception <a 'sun/nio/fs/UnixException'> (0x00000007ac360a80) thrown at [/Volumes/android/AOSP-openjdk-git/jdk8u/hotspot/src/share/vm/prims/jni.cpp, line 709]
Event: 54.156 Thread 0x00007f920658d000 Exception <a 'sun/nio/fs/UnixException'> (0x00000007ac361758) thrown at [/Volumes/android/AOSP-openjdk-git/jdk8u/hotspot/src/share/vm/prims/jni.cpp, line 709]
Event: 54.157 Thread 0x00007f920658d000 Exception <a 'sun/nio/fs/UnixException'> (0x00000007ac362700) thrown at [/Volumes/android/AOSP-openjdk-git/jdk8u/hotspot/src/share/vm/prims/jni.cpp, line 709]
Event: 54.157 Thread 0x00007f920658d000 Exception <a 'sun/nio/fs/UnixException'> (0x00000007ac363400) thrown at [/Volumes/android/AOSP-openjdk-git/jdk8u/hotspot/src/share/vm/prims/jni.cpp, line 709]

Events (10 events):
Event: 65.074 Thread 0x00007f9206845000 flushing nmethod 0x0000000118f2bdd0
Event: 65.075 Thread 0x00007f9206845000 flushing nmethod 0x0000000118ff9690
Event: 65.095 Thread 0x00007f920683d000 flushing nmethod 0x00000001192957d0
Event: 65.158 Thread 0x00007f920bb35000 DEOPT PACKING pc=0x0000000118557faa sp=0x0000700005c52c10
Event: 65.158 Thread 0x00007f920bb35000 DEOPT UNPACKING pc=0x0000000117c7b373 sp=0x0000700005c52938 mode 0
Event: 65.160 Thread 0x00007f920bb35000 DEOPT PACKING pc=0x0000000118557faa sp=0x0000700005c52c10
Event: 65.160 Thread 0x00007f920bb35000 DEOPT UNPACKING pc=0x0000000117c7b373 sp=0x0000700005c52938 mode 0
Event: 65.162 Thread 0x00007f920bb35000 DEOPT PACKING pc=0x0000000118557faa sp=0x0000700005c52c10
Event: 65.162 Thread 0x00007f920bb35000 DEOPT UNPACKING pc=0x0000000117c7b373 sp=0x0000700005c52938 mode 0
Event: 65.302 Thread 0x00007f920c57e800 Thread exited: 0x00007f920c57e800


Dynamic libraries:
0x000000004b30f000 	/System/Library/Frameworks/Cocoa.framework/Versions/A/Cocoa
0x000000004b30f000 	/System/Library/Frameworks/Security.framework/Versions/A/Security
0x000000004b30f000 	/System/Library/Frameworks/ApplicationServices.framework/Versions/A/ApplicationServices
0x000000004b30f000 	/usr/lib/libz.1.dylib
0x000000004b30f000 	/usr/lib/libSystem.B.dylib
0x000000004b30f000 	/System/Library/Frameworks/CoreFoundation.framework/Versions/A/CoreFoundation
0x000000004b30f000 	/System/Library/Frameworks/Foundation.framework/Versions/C/Foundation
0x000000004b30f000 	/usr/lib/libobjc.A.dylib
0x000000004b30f000 	/System/Library/Frameworks/AppKit.framework/Versions/C/AppKit
0x000000004b30f000 	/System/Library/Frameworks/CoreData.framework/Versions/A/CoreData
0x000000004b30f000 	/System/Library/PrivateFrameworks/RemoteViewServices.framework/Versions/A/RemoteViewServices
0x000000004b30f000 	/System/Library/PrivateFrameworks/UIFoundation.framework/Versions/A/UIFoundation
0x000000004b30f000 	/System/Library/PrivateFrameworks/DFRFoundation.framework/Versions/A/DFRFoundation
0x000000004b30f000 	/usr/lib/libenergytrace.dylib
0x000000004b30f000 	/System/Library/PrivateFrameworks/SkyLight.framework/Versions/A/SkyLight
0x000000004b30f000 	/System/Library/Frameworks/CoreGraphics.framework/Versions/A/CoreGraphics
0x000000004b30f000 	/usr/lib/libScreenReader.dylib
0x000000004b30f000 	/System/Library/Frameworks/Accelerate.framework/Versions/A/Accelerate
0x000000004b30f000 	/System/Library/Frameworks/IOSurface.framework/Versions/A/IOSurface
0x000000004b30f000 	/System/Library/Frameworks/AudioToolbox.framework/Versions/A/AudioToolbox
0x000000004b30f000 	/System/Library/Frameworks/AudioUnit.framework/Versions/A/AudioUnit
0x000000004b30f000 	/System/Library/PrivateFrameworks/DataDetectorsCore.framework/Versions/A/DataDetectorsCore
0x000000004b30f000 	/System/Library/PrivateFrameworks/DesktopServicesPriv.framework/Versions/A/DesktopServicesPriv
0x000000004b30f000 	/System/Library/Frameworks/Carbon.framework/Versions/A/Frameworks/HIToolbox.framework/Versions/A/HIToolbox
0x000000004b30f000 	/usr/lib/libicucore.A.dylib
0x000000004b30f000 	/System/Library/Frameworks/QuartzCore.framework/Versions/A/QuartzCore
0x000000004b30f000 	/System/Library/Frameworks/Carbon.framework/Versions/A/Frameworks/SpeechRecognition.framework/Versions/A/SpeechRecognition
0x000000004b30f000 	/usr/lib/libauto.dylib
0x000000004b30f000 	/usr/lib/libxml2.2.dylib
0x000000004b30f000 	/System/Library/PrivateFrameworks/CoreUI.framework/Versions/A/CoreUI
0x000000004b30f000 	/System/Library/Frameworks/CoreAudio.framework/Versions/A/CoreAudio
0x000000004b30f000 	/System/Library/Frameworks/DiskArbitration.framework/Versions/A/DiskArbitration
0x000000004b30f000 	/usr/lib/liblangid.dylib
0x000000004b30f000 	/System/Library/PrivateFrameworks/MultitouchSupport.framework/Versions/A/MultitouchSupport
0x000000004b30f000 	/System/Library/Frameworks/IOKit.framework/Versions/A/IOKit
0x000000004b30f000 	/usr/lib/libDiagnosticMessagesClient.dylib
0x000000004b30f000 	/System/Library/Frameworks/CoreServices.framework/Versions/A/CoreServices
0x000000004b30f000 	/System/Library/PrivateFrameworks/PerformanceAnalysis.framework/Versions/A/PerformanceAnalysis
0x000000004b30f000 	/System/Library/PrivateFrameworks/GenerationalStorage.framework/Versions/A/GenerationalStorage
0x000000004b30f000 	/System/Library/Frameworks/OpenGL.framework/Versions/A/OpenGL
0x000000004b30f000 	/System/Library/Frameworks/CoreImage.framework/Versions/A/CoreImage
0x000000004b30f000 	/System/Library/Frameworks/CoreText.framework/Versions/A/CoreText
0x000000004b30f000 	/System/Library/Frameworks/ImageIO.framework/Versions/A/ImageIO
0x000000004b30f000 	/System/Library/PrivateFrameworks/Backup.framework/Versions/A/Backup
0x000000004b30f000 	/usr/lib/libarchive.2.dylib
0x000000004b30f000 	/System/Library/Frameworks/CFNetwork.framework/Versions/A/CFNetwork
0x000000004b30f000 	/System/Library/Frameworks/SystemConfiguration.framework/Versions/A/SystemConfiguration
0x000000004b30f000 	/usr/lib/libCRFSuite.dylib
0x000000004b30f000 	/usr/lib/libc++.1.dylib
0x000000004b30f000 	/usr/lib/libc++abi.dylib
0x000000004b30f000 	/usr/lib/system/libcache.dylib
0x000000004b30f000 	/usr/lib/system/libcommonCrypto.dylib
0x000000004b30f000 	/usr/lib/system/libcompiler_rt.dylib
0x000000004b30f000 	/usr/lib/system/libcopyfile.dylib
0x000000004b30f000 	/usr/lib/system/libcorecrypto.dylib
0x000000004b30f000 	/usr/lib/system/libdispatch.dylib
0x000000004b30f000 	/usr/lib/system/libdyld.dylib
0x000000004b30f000 	/usr/lib/system/libkeymgr.dylib
0x000000004b30f000 	/usr/lib/system/liblaunch.dylib
0x000000004b30f000 	/usr/lib/system/libmacho.dylib
0x000000004b30f000 	/usr/lib/system/libquarantine.dylib
0x000000004b30f000 	/usr/lib/system/libremovefile.dylib
0x000000004b30f000 	/usr/lib/system/libsystem_asl.dylib
0x000000004b30f000 	/usr/lib/system/libsystem_blocks.dylib
0x000000004b30f000 	/usr/lib/system/libsystem_c.dylib
0x000000004b30f000 	/usr/lib/system/libsystem_configuration.dylib
0x000000004b30f000 	/usr/lib/system/libsystem_coreservices.dylib
0x000000004b30f000 	/usr/lib/system/libsystem_coretls.dylib
0x000000004b30f000 	/usr/lib/system/libsystem_dnssd.dylib
0x000000004b30f000 	/usr/lib/system/libsystem_info.dylib
0x000000004b30f000 	/usr/lib/system/libsystem_kernel.dylib
0x000000004b30f000 	/usr/lib/system/libsystem_m.dylib
0x000000004b30f000 	/usr/lib/system/libsystem_malloc.dylib
0x000000004b30f000 	/usr/lib/system/libsystem_network.dylib
0x000000004b30f000 	/usr/lib/system/libsystem_networkextension.dylib
0x000000004b30f000 	/usr/lib/system/libsystem_notify.dylib
0x000000004b30f000 	/usr/lib/system/libsystem_platform.dylib
0x000000004b30f000 	/usr/lib/system/libsystem_pthread.dylib
0x000000004b30f000 	/usr/lib/system/libsystem_sandbox.dylib
0x000000004b30f000 	/usr/lib/system/libsystem_secinit.dylib
0x000000004b30f000 	/usr/lib/system/libsystem_symptoms.dylib
0x000000004b30f000 	/usr/lib/system/libsystem_trace.dylib
0x000000004b30f000 	/usr/lib/system/libunwind.dylib
0x000000004b30f000 	/usr/lib/system/libxpc.dylib
0x000000004b30f000 	/usr/lib/libbsm.0.dylib
0x000000004b30f000 	/usr/lib/system/libkxld.dylib
0x000000004b30f000 	/usr/lib/libcoretls.dylib
0x000000004b30f000 	/usr/lib/libcoretls_cfhelpers.dylib
0x000000004b30f000 	/usr/lib/libOpenScriptingUtil.dylib
0x000000004b30f000 	/usr/lib/libpam.2.dylib
0x000000004b30f000 	/usr/lib/libsqlite3.dylib
0x000000004b30f000 	/usr/lib/libxar.1.dylib
0x000000004b30f000 	/usr/lib/libbz2.1.0.dylib
0x000000004b30f000 	/usr/lib/liblzma.5.dylib
0x000000004b30f000 	/usr/lib/libnetwork.dylib
0x000000004b30f000 	/usr/lib/libpcap.A.dylib
0x000000004b30f000 	/System/Library/Frameworks/CoreServices.framework/Versions/A/Frameworks/FSEvents.framework/Versions/A/FSEvents
0x000000004b30f000 	/System/Library/Frameworks/CoreServices.framework/Versions/A/Frameworks/CarbonCore.framework/Versions/A/CarbonCore
0x000000004b30f000 	/System/Library/Frameworks/CoreServices.framework/Versions/A/Frameworks/Metadata.framework/Versions/A/Metadata
0x000000004b30f000 	/System/Library/Frameworks/CoreServices.framework/Versions/A/Frameworks/OSServices.framework/Versions/A/OSServices
0x000000004b30f000 	/System/Library/Frameworks/CoreServices.framework/Versions/A/Frameworks/SearchKit.framework/Versions/A/SearchKit
0x000000004b30f000 	/System/Library/Frameworks/CoreServices.framework/Versions/A/Frameworks/AE.framework/Versions/A/AE
0x000000004b30f000 	/System/Library/Frameworks/CoreServices.framework/Versions/A/Frameworks/LaunchServices.framework/Versions/A/LaunchServices
0x000000004b30f000 	/System/Library/Frameworks/CoreServices.framework/Versions/A/Frameworks/DictionaryServices.framework/Versions/A/DictionaryServices
0x000000004b30f000 	/System/Library/Frameworks/CoreServices.framework/Versions/A/Frameworks/SharedFileList.framework/Versions/A/SharedFileList
0x000000004b30f000 	/System/Library/Frameworks/NetFS.framework/Versions/A/NetFS
0x000000004b30f000 	/System/Library/PrivateFrameworks/NetAuth.framework/Versions/A/NetAuth
0x000000004b30f000 	/System/Library/PrivateFrameworks/login.framework/Versions/A/Frameworks/loginsupport.framework/Versions/A/loginsupport
0x000000004b30f000 	/System/Library/PrivateFrameworks/TCC.framework/Versions/A/TCC
0x000000004b30f000 	/usr/lib/libmecabra.dylib
0x000000004b30f000 	/System/Library/Frameworks/ApplicationServices.framework/Versions/A/Frameworks/ATS.framework/Versions/A/ATS
0x000000004b30f000 	/System/Library/Frameworks/ApplicationServices.framework/Versions/A/Frameworks/ColorSync.framework/Versions/A/ColorSync
0x000000004b30f000 	/System/Library/Frameworks/ApplicationServices.framework/Versions/A/Frameworks/HIServices.framework/Versions/A/HIServices
0x000000004b30f000 	/System/Library/Frameworks/ApplicationServices.framework/Versions/A/Frameworks/LangAnalysis.framework/Versions/A/LangAnalysis
0x000000004b30f000 	/System/Library/Frameworks/ApplicationServices.framework/Versions/A/Frameworks/PrintCore.framework/Versions/A/PrintCore
0x000000004b30f000 	/System/Library/Frameworks/ApplicationServices.framework/Versions/A/Frameworks/QD.framework/Versions/A/QD
0x000000004b30f000 	/System/Library/Frameworks/ApplicationServices.framework/Versions/A/Frameworks/SpeechSynthesis.framework/Versions/A/SpeechSynthesis
0x000000004b30f000 	/System/Library/Frameworks/Accelerate.framework/Versions/A/Frameworks/vImage.framework/Versions/A/vImage
0x000000004b30f000 	/System/Library/Frameworks/Accelerate.framework/Versions/A/Frameworks/vecLib.framework/Versions/A/vecLib
0x000000004b30f000 	/System/Library/Frameworks/Accelerate.framework/Versions/A/Frameworks/vecLib.framework/Versions/A/libvDSP.dylib
0x000000004b30f000 	/System/Library/Frameworks/Accelerate.framework/Versions/A/Frameworks/vecLib.framework/Versions/A/libBNNS.dylib
0x000000004b30f000 	/System/Library/Frameworks/Accelerate.framework/Versions/A/Frameworks/vecLib.framework/Versions/A/libQuadrature.dylib
0x000000004b30f000 	/System/Library/Frameworks/Accelerate.framework/Versions/A/Frameworks/vecLib.framework/Versions/A/libvMisc.dylib
0x000000004b30f000 	/System/Library/Frameworks/Accelerate.framework/Versions/A/Frameworks/vecLib.framework/Versions/A/libLAPACK.dylib
0x000000004b30f000 	/System/Library/Frameworks/Accelerate.framework/Versions/A/Frameworks/vecLib.framework/Versions/A/libBLAS.dylib
0x000000004b30f000 	/System/Library/Frameworks/Accelerate.framework/Versions/A/Frameworks/vecLib.framework/Versions/A/libLinearAlgebra.dylib
0x000000004b30f000 	/System/Library/Frameworks/Accelerate.framework/Versions/A/Frameworks/vecLib.framework/Versions/A/libSparseBLAS.dylib
0x000000004b30f000 	/System/Library/Frameworks/ApplicationServices.framework/Versions/A/Frameworks/ATS.framework/Versions/A/Resources/libFontParser.dylib
0x000000004b30f000 	/System/Library/Frameworks/ApplicationServices.framework/Versions/A/Frameworks/ATS.framework/Versions/A/Resources/libFontRegistry.dylib
0x000000004b30f000 	/System/Library/Frameworks/ImageIO.framework/Versions/A/Resources/libJPEG.dylib
0x000000004b30f000 	/System/Library/Frameworks/ImageIO.framework/Versions/A/Resources/libTIFF.dylib
0x000000004b30f000 	/System/Library/Frameworks/ImageIO.framework/Versions/A/Resources/libPng.dylib
0x000000004b30f000 	/System/Library/Frameworks/ImageIO.framework/Versions/A/Resources/libGIF.dylib
0x000000004b30f000 	/System/Library/Frameworks/ImageIO.framework/Versions/A/Resources/libJP2.dylib
0x000000004b30f000 	/System/Library/Frameworks/ImageIO.framework/Versions/A/Resources/libRadiance.dylib
0x000000004b30f000 	/usr/lib/libcompression.dylib
0x000000004b30f000 	/System/Library/PrivateFrameworks/AppleJPEG.framework/Versions/A/AppleJPEG
0x000000004b30f000 	/usr/lib/libcups.2.dylib
0x000000004b30f000 	/System/Library/Frameworks/Kerberos.framework/Versions/A/Kerberos
0x000000004b30f000 	/System/Library/Frameworks/GSS.framework/Versions/A/GSS
0x000000004b30f000 	/usr/lib/libresolv.9.dylib
0x000000004b30f000 	/usr/lib/libiconv.2.dylib
0x000000004b30f000 	/System/Library/PrivateFrameworks/Heimdal.framework/Versions/A/Heimdal
0x000000004b30f000 	/usr/lib/libheimdal-asn1.dylib
0x000000004b30f000 	/System/Library/Frameworks/OpenDirectory.framework/Versions/A/OpenDirectory
0x000000004b30f000 	/System/Library/PrivateFrameworks/CommonAuth.framework/Versions/A/CommonAuth
0x000000004b30f000 	/System/Library/Frameworks/OpenDirectory.framework/Versions/A/Frameworks/CFOpenDirectory.framework/Versions/A/CFOpenDirectory
0x000000004b30f000 	/System/Library/Frameworks/SecurityFoundation.framework/Versions/A/SecurityFoundation
0x000000004b30f000 	/System/Library/PrivateFrameworks/LanguageModeling.framework/Versions/A/LanguageModeling
0x000000004b30f000 	/usr/lib/libmarisa.dylib
0x000000004b30f000 	/usr/lib/libChineseTokenizer.dylib
0x000000004b30f000 	/usr/lib/libcmph.dylib
0x000000004b30f000 	/System/Library/PrivateFrameworks/CoreEmoji.framework/Versions/A/CoreEmoji
0x000000004b30f000 	/System/Library/Frameworks/ServiceManagement.framework/Versions/A/ServiceManagement
0x000000004b30f000 	/usr/lib/libxslt.1.dylib
0x000000004b30f000 	/System/Library/Frameworks/Carbon.framework/Versions/A/Frameworks/Ink.framework/Versions/A/Ink
0x000000004b30f000 	/System/Library/PrivateFrameworks/TextureIO.framework/Versions/A/TextureIO
0x000000004b30f000 	/System/Library/Frameworks/Metal.framework/Versions/A/Metal
0x000000004b30f000 	/usr/lib/libate.dylib
0x000000004b30f000 	/System/Library/PrivateFrameworks/GPUCompiler.framework/libmetal_timestamp.dylib
0x000000004b30f000 	/System/Library/Frameworks/OpenGL.framework/Versions/A/Libraries/libCoreFSCache.dylib
0x000000004b30f000 	/System/Library/PrivateFrameworks/IOAccelerator.framework/Versions/A/IOAccelerator
0x000000004b30f000 	/System/Library/Frameworks/CoreVideo.framework/Versions/A/CoreVideo
0x000000004b30f000 	/usr/lib/libFosl_dynamic.dylib
0x000000004b30f000 	/System/Library/PrivateFrameworks/MetalPerformanceShaders.framework/Versions/A/MetalPerformanceShaders
0x000000004b30f000 	/System/Library/PrivateFrameworks/FaceCore.framework/Versions/A/FaceCore
0x000000004b30f000 	/System/Library/Frameworks/OpenCL.framework/Versions/A/OpenCL
0x000000004b30f000 	/System/Library/Frameworks/OpenGL.framework/Versions/A/Libraries/libGLU.dylib
0x000000004b30f000 	/System/Library/Frameworks/OpenGL.framework/Versions/A/Libraries/libGFXShared.dylib
0x000000004b30f000 	/System/Library/Frameworks/OpenGL.framework/Versions/A/Libraries/libGL.dylib
0x000000004b30f000 	/System/Library/Frameworks/OpenGL.framework/Versions/A/Libraries/libGLImage.dylib
0x000000004b30f000 	/System/Library/Frameworks/OpenGL.framework/Versions/A/Libraries/libCVMSPluginSupport.dylib
0x000000004b30f000 	/System/Library/Frameworks/OpenGL.framework/Versions/A/Libraries/libCoreVMClient.dylib
0x000000004b30f000 	/System/Library/PrivateFrameworks/CrashReporterSupport.framework/Versions/A/CrashReporterSupport
0x000000004b30f000 	/System/Library/PrivateFrameworks/Sharing.framework/Versions/A/Sharing
0x000000004b30f000 	/System/Library/PrivateFrameworks/IconServices.framework/Versions/A/IconServices
0x000000004b30f000 	/System/Library/PrivateFrameworks/ProtocolBuffer.framework/Versions/A/ProtocolBuffer
0x000000004b30f000 	/System/Library/PrivateFrameworks/Apple80211.framework/Versions/A/Apple80211
0x000000004b30f000 	/System/Library/Frameworks/CoreWLAN.framework/Versions/A/CoreWLAN
0x000000004b30f000 	/System/Library/PrivateFrameworks/CoreUtils.framework/Versions/A/CoreUtils
0x000000004b30f000 	/System/Library/Frameworks/IOBluetooth.framework/Versions/A/IOBluetooth
0x000000004b30f000 	/System/Library/PrivateFrameworks/CoreWiFi.framework/Versions/A/CoreWiFi
0x000000004b30f000 	/System/Library/Frameworks/CoreBluetooth.framework/Versions/A/CoreBluetooth
0x000000004b30f000 	/System/Library/Frameworks/CoreDisplay.framework/Versions/A/CoreDisplay
0x000000004b30f000 	/System/Library/PrivateFrameworks/IOPresentment.framework/Versions/A/IOPresentment
0x000000004b30f000 	/System/Library/PrivateFrameworks/DSExternalDisplay.framework/Versions/A/DSExternalDisplay
0x000000004b30f000 	/System/Library/PrivateFrameworks/DebugSymbols.framework/Versions/A/DebugSymbols
0x000000004b30f000 	/System/Library/PrivateFrameworks/CoreSymbolication.framework/Versions/A/CoreSymbolication
0x000000004b30f000 	/System/Library/PrivateFrameworks/Symbolication.framework/Versions/A/Symbolication
0x000000004b30f000 	/System/Library/PrivateFrameworks/AppleFSCompression.framework/Versions/A/AppleFSCompression
0x000000004b30f000 	/System/Library/PrivateFrameworks/SpeechRecognitionCore.framework/Versions/A/SpeechRecognitionCore
0x000000004b30f000 	/System/Library/PrivateFrameworks/ChunkingLibrary.framework/Versions/A/ChunkingLibrary
0x000000010b600000 	/Applications/Android Studio.app/Contents/jre/jdk/Contents/Home/jre/lib/server/libjvm.dylib
0x000000004b30f000 	/usr/lib/libstdc++.6.dylib
0x000000010ad87000 	/Applications/Android Studio.app/Contents/jre/jdk/Contents/Home/jre/lib/libverify.dylib
0x000000010ad93000 	/Applications/Android Studio.app/Contents/jre/jdk/Contents/Home/jre/lib/libjava.dylib
0x000000010add1000 	/Applications/Android Studio.app/Contents/jre/jdk/Contents/Home/jre/lib/libzip.dylib
0x00000001108c8000 	/Applications/Android Studio.app/Contents/jre/jdk/Contents/Home/jre/lib/libnet.dylib
0x0000000110ba4000 	/Applications/Android Studio.app/Contents/jre/jdk/Contents/Home/jre/lib/libnio.dylib
0x0000000110bb4000 	/Users/piyushkhandelwal/.gradle/native/25/osx-amd64/libnative-platform.dylib
0x0000000110f65000 	/Applications/Android Studio.app/Contents/jre/jdk/Contents/Home/jre/lib/libmanagement.dylib

VM Arguments:
jvm_args: -XX:+HeapDumpOnOutOfMemoryError -Xmx1024m -Dfile.encoding=UTF-8 -Duser.country=US -Duser.language=en -Duser.variant 
java_command: org.gradle.launcher.daemon.bootstrap.GradleDaemon 4.1
java_class_path (initial): /Users/piyushkhandelwal/.gradle/wrapper/dists/gradle-4.1-all/bzyivzo6n839fup2jbap0tjew/gradle-4.1/lib/gradle-launcher-4.1.jar
Launcher Type: SUN_STANDARD

Environment Variables:
PATH=/usr/bin:/bin:/usr/sbin:/sbin
SHELL=/bin/bash

Signal Handlers:
SIGSEGV: [libjvm.dylib+0x53e133], sa_mask[0]=11111111011111110111111111111111, sa_flags=SA_ONSTACK|SA_RESTART|SA_SIGINFO
SIGBUS: [libjvm.dylib+0x53e133], sa_mask[0]=11111111011111110111111111111111, sa_flags=SA_RESTART|SA_SIGINFO
SIGFPE: [libjvm.dylib+0x4369af], sa_mask[0]=11111111011111110111111111111111, sa_flags=SA_RESTART|SA_SIGINFO
SIGPIPE: [libjvm.dylib+0x4369af], sa_mask[0]=11111111011111110111111111111111, sa_flags=SA_RESTART|SA_SIGINFO
SIGXFSZ: [libjvm.dylib+0x4369af], sa_mask[0]=11111111011111110111111111111111, sa_flags=SA_RESTART|SA_SIGINFO
SIGILL: [libjvm.dylib+0x4369af], sa_mask[0]=11111111011111110111111111111111, sa_flags=SA_RESTART|SA_SIGINFO
SIGUSR1: SIG_DFL, sa_mask[0]=00000000000000000000000000000000, sa_flags=none
SIGUSR2: [libjvm.dylib+0x4372d4], sa_mask[0]=00100000000000000000000000000000, sa_flags=SA_RESTART|SA_SIGINFO
SIGHUP: [libjvm.dylib+0x4354c9], sa_mask[0]=11111111011111110111111111111111, sa_flags=SA_RESTART|SA_SIGINFO
SIGINT: [libjvm.dylib+0x4354c9], sa_mask[0]=11111111011111110111111111111111, sa_flags=SA_RESTART|SA_SIGINFO
SIGTERM: [libjvm.dylib+0x4354c9], sa_mask[0]=11111111011111110111111111111111, sa_flags=SA_RESTART|SA_SIGINFO
SIGQUIT: [libjvm.dylib+0x4354c9], sa_mask[0]=11111111011111110111111111111111, sa_flags=SA_RESTART|SA_SIGINFO


---------------  S Y S T E M  ---------------

OS:Bsduname:Darwin 16.6.0 Darwin Kernel Version 16.6.0: Fri Apr 14 16:21:16 PDT 2017; root:xnu-3789.60.24~6/RELEASE_X86_64 x86_64
rlimit: STACK 8192k, CORE 0k, NPROC 709, NOFILE 10240, AS infinity
load average:2.58 2.26 2.09

CPU:total 4 (initial active 4) (2 cores per cpu, 2 threads per core) family 6 model 58 stepping 9, cmov, cx8, fxsr, mmx, sse, sse2, sse3, ssse3, sse4.1, sse4.2, popcnt, avx, aes, clmul, erms, ht, tsc, tscinvbit, tscinv

Memory: 4k page, physical 10485760k(19332k free)

/proc/meminfo:


vm_info: OpenJDK 64-Bit Server VM (25.152-b08) for bsd-amd64 JRE (1.8.0_152-release-915-b08), built by "builder" with gcc 4.2.1 Compatible Apple LLVM 8.1.0 (clang-802.0.42)

time: Sat Jan 13 00:20:30 2018
elapsed time: 65 seconds (0d 0h 1m 5s)

